274
# Generated by: /u/rd/maint/distrib g:/u/product/dos/toolkit/4.1/525high.lst
1	35245	Y	config.cfg	Script used by config.exe
1	79348	Y	config.exe	Program to configure toolkit, mail, make, etc
1	228	Y	install.cfg	Installation parameters
1	103526	Y	install.exe	Installation program
1	0	Y	toolkit.lst	Installation list (this file)
1	2611	Y	toolkit.txt	Installation script 
1	19674	Y	mkswin.exe	DOS program to setup mksgroup.exe in win.ini 
1	421	Y	mkstools.tk	MKS Tools group info for MS Windows
1	3255	A	readme.1st	Recommended reading concerning last minute changes
1	11006	A	errata	Contains corrections to the printed documentation
1	24105	A	relnotes	Release Notes
1	50755	A	question.txt	Frequently asked questions
1	239	a*	etc/inittab	Initial process specification file for "init"
1	4896	atmrsnuw	etc/glob.exe	Wildcard expansion program used by MKS commands
1	2119	a*	environ.ksh	Sample user environment
1	1338	a*	profile.ksh	Sample user profile
1	7376	a$	etc/init.exz=etc/init.exe	Initial process (used with "config.sys" and TSRs)
1	12442	a$	bin/mksinfo.exz=bin/mksinfo.exe	MKS Product Information (see product.cfg)
1	144	a*	etc/motd	Message Of The Day file
1	1357	a*	etc/profile.ksh	Default global "profile" 
1	242	a*	etc/rc.ksh	Default global setup (used by "init") 
1	222	aw	etc/dospath.ksh	A ". dospath" will ensure a DOS'fied PATH.
1	68761	wt$	bin/awk.exz=bin/awk.exe	Data transformation, report generation language
1	26688	wt$	bin/find.exz=bin/find.exe	Finds files within the file tree
1	76480	wt$	bin/sh.exz=bin/sh.exe	Korn shell command interpreter
1	79104	wt$	bin/vi.exz=bin/vi.exe	Screen oriented interactive text editor
1	294	w	etc/newhist.ksh	A ". newhist" will ensure a unique history file.
1	30768	w$	bin/mksgroup.exz=bin/mksgroup.exe	MS Windows program to create MKS Tools group
1	1086	w$	bin/awk.icz=bin/awk.ico	Awk icon for use with MS Windows.
1	545	w$	bin/awk.piz=bin/awk.pif	Awk pif file for use with MS Windows
1	1086	w$	bin/find.icz=bin/find.ico	Awk icon for use with MS Windows
1	545	w$	bin/find.piz=bin/find.pif	Find pif file for use with MS Windows
1	1086	w$	bin/grep.icz=bin/grep.ico	Grep icon for use with MS Windows
1	545	w$	bin/grep.piz=bin/grep.pif	Grep pif file for use with MS Windows
1	1086	w$	bin/help.icz=bin/help.ico	Help icon for use with MS Windows
1	545	w$	bin/help.piz=bin/help.pif	Help pif file for use with MS Windows
1	1086	w$	bin/man.icz=bin/man.ico	Man icon for use with MS Windows
1	545	w$	bin/man.piz=bin/man.pif	Man pif file for use with MS Windows
1	545	w$	bin/ksh.piz=bin/ksh.pif	Use this pif file with files that end in .ksh
1	1086	w$	bin/make.icz=bin/make.ico	Make icon for use with MS Windows
1	545	w$	bin/make.piz=bin/make.pif	Make pif file for use with MS Windows
1	1086	w$	bin/sh.icz=bin/sh.ico	KornShell icon for use with MS Windows
1	545	w$	bin/sh.piz=bin/sh.pif	KornShell pif file for use with MS Windows
1	1086	w$	bin/vi.icz=bin/vi.ico	Vi icon for use with MS Windows
1	545	w$	bin/vi.piz=bin/vi.pif	Vi pif file for use with MS Windows
1	19328	wnt$	bin/grep.exz=bin/grep.exe	Matchs patterns in a file
1	3229	n$	etc/borlandc.mkz=etc/borlandc.mk	Make default rules Borland C++ 3.0 and 3.1
1	3607	n$	etc/borlandc.ccz=etc/borlandc.ccg	CC config file for Borland C++ 3.0 and 3.1
1	3490	n$	etc/msc.mkz=etc/msc.mk	Make default rules for Microsoft C 6.0 & C/C++ 7.0
1	3577	n$	etc/msc.ccz=etc/msc.ccg	CC config file for Microsoft C 6.0 & C/C++ 7.0
1	2901	n$	etc/turboc.mkz=etc/turboc.mk	Make default rules for Turbo C 1.5 & 2.0
1	3501	n$	etc/turboc.ccz=etc/turboc.ccg	CC config file for Turbo C 1.5 & 2.0
1	3193	n$	etc/watcomc.mkz=etc/watcomc.mk	Make default rules for Watcom C 9.0
1	3717	n$	etc/watcomc.ccz=etc/watcomc.ccg	CC config file for Watcom C 9.0
1	3233	n$	etc/watc386.mkz=etc/watc386.mk	Make default rules for Watcom C/386 9.0
1	3455	n$	etc/watc386.ccz=etc/watc386.ccg	CC config file for Watcom C/386 9.0
1	3199	n$	etc/zortech.mkz=etc/zortech.mk	Make default rules for Zortech C++ 3.0
1	3692	n$	etc/zortech.ccz=etc/zortech.ccg	CC config file for Zortech C++ 3.0
1	25968	n$	bin/ar.exz=bin/ar.exe	DOS object module archiver (librarian)
1	36870	n$	bin/cc.exz=bin/cc.exe	Gneric C compiler interface
1	91458	n$	bin/make.exz=bin/make.exe	Large model swapping make.
1	58892	n$	bin/makeq.exz=bin/makeq.exe	Quicker make (use with small makefiles).
1	3185	N	etc/generic.mk	Make default rules for a generic environment
1	2544	N	etc/generic.ccg	CC config file for a generic environment
1	4525	N	etc/unix.mk	Make default rules for DOS/Xenix/Unix
1	88175	wnut$	etc/helpfile.z=etc/helpfile	Quick help "usage" info to MKS commands
1	16660	wnut$	bin/help.exz=bin/help.exe	Quick help "usage" info (needs "helpfile")
1	17312	nt$	bin/cp.exz=bin/cp.exe	Copies files
1	30208	nt$	bin/diff.exz=bin/diff.exe	Compares two files and shows minimal differences
1	30208	nt$	bin/diff.exz=bin/bdiff.exe	Compares two files and shows minimal differences
1	30208	nt$	bin/diff.exz=bin/diffh.exe	Compares two files and shows minimal differences
1	5104	nt$	bin/echo.exz=bin/echo.exe	Echos command arguments
1	19328	nt$	bin/grep.exz=bin/egrep.exe	Matchs patterns using extended regular expressions
1	19328	nt$	bin/grep.exz=bin/fgrep.exe	Fast pattern matching for simple strings
1	13024	nt$	bin/lc.exz=bin/lc.exe	Lists file system elements in categories
1	22528	nt$	bin/ls.exz=bin/ls.exe	Lists files, directories, and attributes
1	17536	nt$	bin/mv.exz=bin/mv.exe	Renames and moves files and directories
1	28806	nt$	bin/nm.exz=bin/nm.exe	Shows symbol table of .obj, .lib, or .exe
1	13312	nt$	bin/rm.exz=bin/rm.exe	Removes files
1	13136	nt$	bin/size.exz=bin/size.exe	Displays object file sizes
1	12992	nt$	bin/strip.exz=bin/strip.exe	Removes symbol table from executable files
1	1184	nt$	bin/switch.exz=bin/switch.exe	Prints or changes DOS option flag character
1	15360	nt$	bin/touch.exz=bin/touch.exe	Changes file modification date
1	12656	nt$	bin/unstrip.exz=bin/unstrip.exe	Adds symbol table to an executable file
1	22944	m$	bin/man.exz=bin/man.exe	Views man pages (needs "man.dbz" & "more.exe")
1	10761	m$	etc/whatis.z=etc/whatis	Contains manual synopsis lines used by "man"
2	650007	m	etc/man.dbz	Contains detailed manual pages to MKS commands
2	43758	mt$	bin/more.exz=bin/more.exe	Interactively views files on screen 
2	79104	r$	bin/vi.exz=bin/ex.exe	Line editor mode of vi.
2	35220	r$	bin/ed.exz=bin/red.exe	Restricted version of ed.
2	76480	r$	bin/sh.exz=bin/rsh.exe	Restricted version of sh.
2	62681	t$	etc/awkrun.moz=etc/awkrun.mod	small awk module for awkc
2	85975	t$	etc/awkrunl.moz=etc/awkrunl.mod	large awk module for awkc
2	118	t	etc/issue	Provides default herald message (used by "login")
2	1044	t$	etc/italic.fnz=etc/italic.fnt	Optional font used by banner
2	1044	t$	etc/small.fnz=etc/small.fnt	Optional font used by banner
2	4688	t$	etc/lib.bz=etc/lib.b	Math function library (used by "bc")
2	8147	t$	etc/magic.z=etc/magic	Recognised file types (used by "file")
2	10272	t$	bin/asa.exz=bin/asa.exe	Interpret ASA/Fortran carriage control
2	98567	t$	bin/awkc.exz=bin/awkc.exe	AWK compiler, large model
2	142272	t$	bin/awkl.exz=bin/awkl.exe	Large model version of "awk"
2	12464	t$	bin/banner.exz=bin/banner.exe	Display text in large type
2	7744	t$	bin/basename.exz=bin/basename.exe	Separate trailing component of pathname
2	38566	t$	bin/bc.exz=bin/bc.exe	Arbitrary-precision desk calculator
2	12160	t$	bin/c.exz=bin/c.exe	Produces columnized output
2	13440	t$	bin/cal.exz=bin/cal.exe	Displays a calendar for a month or year
3	24342	t$	bin/calendar.exz=bin/calendar.exe	Appointment reminder system
3	11736	t$	bin/cat.exz=bin/cat.exe	Concatenate and display text files
3	3072	t$	bin/cd.exz=bin/cd.exe	Change working directory
3	12064	t$	bin/chmod.exz=bin/chmod.exe	Change file attributes
3	12736	t$	bin/cksum.exz=bin/cksum.exe	POSIX portable checksum
3	4800	t$	bin/clear.exz=bin/clear.exe	Clears screen
3	11952	t$	bin/cmp.exz=bin/cmp.exe	Comparison of two binary files
3	10512	t$	bin/comm.exz=bin/comm.exe	Compares sorted files and shows differences
3	20748	t$	bin/compress.exz=bin/compress.exe	Lempel-Ziv data compressor
3	38792	t$	bin/cpio.exz=bin/cpio.exe	Manipulates file archives
3	13360	t$	bin/crypt.exz=bin/crypt.exe	Encryption/decryption filter
3	23232	t$	bin/csplit.exz=bin/csplit.exe	Splits text file according to criteria
3	21360	t$	bin/ctags.exz=bin/ctags.exe	Produces tags file for "ex" or "vi"
3	12192	t$	bin/cut.exz=bin/cut.exe	Selects fields or characters from input lines
3	17168	t$	bin/date.exz=bin/date.exe	Sets and displays date and time
3	30416	t$	bin/dc.exz=bin/dc.exe	Arbitrary-precision calculator (reverse Polish)
3	16752	t$	bin/dd.exz=bin/dd.exe	Data copy with optional conversion
3	12032	t$	bin/deroff.exz=bin/deroff.exe	Removes formatter commands, prepares word list
3	7952	t$	bin/dev.exz=bin/dev.exe	Displays device driver information
3	12352	t$	bin/df.exz=bin/df.exe	Displays amount of free space remaining on disk
3	20448	t$	bin/diff3.exz=bin/diff3.exe	Compares three text files
3	5072	t$	bin/dirname.exz=bin/dirname.exe	Displays directory components of pathname
3	11120	t$	bin/du.exz=bin/du.exe	Summarises disk space usage by directory
3	35220	t$	bin/ed.exz=bin/ed.exe	Line-oriented text editor
3	11440	t$	bin/env.exz=bin/env.exe	Prints environment, sets enviroment for process
3	11376	t$	bin/expand.exz=bin/expand.exe	Expands tabs to blank characters
3	17920	t$	bin/expr.exz=bin/expr.exe	Computes formula involving arguments
3	8768	t$	bin/fg.exz=bin/fg.exe	Brings process back into the foreground
3	15472	t$	bin/file.exz=bin/file.exe	Determines file type
3	12624	t$	bin/fmt.exz=bin/fmt.exe	Simple text formatter (used with "vi" mainly)
3	11648	t$	bin/fold.exz=bin/fold.exe	Breaks lines into shorter lines
3	12048	t$	bin/getconf.exz=bin/getconf.exe	Reports POSIX configuration information
3	8736	t$	bin/getopt.exz=bin/getopt.exe	Parses shell file options
3	16960	t$	bin/gres.exz=bin/gres.exe	Substitutes for a pattern in a file
3	11392	t$	bin/head.exz=bin/head.exe	Displays beginning of file
3	13804	t$	bin/id.exz=bin/id.exe	Displays user and group names
3	8272	t$	bin/jobs.exz=bin/jobs.exe	Displays jobs current under command interpreter
3	13824	t$	bin/join.exz=bin/join.exe	Joins two sorted, textual relational databases
3	10160	t$	bin/kill.exz=bin/kill.exe	Terminates a process
3	5440	t$	bin/line.exz=bin/line.exe	Copies one line of standard input
3	22236	t$	bin/login.exz=bin/login.exe	Authenticates computer user 
3	4992	t$	bin/logname.exz=bin/logname.exe	Displays user name
3	27008	t$	bin/m4.exz=bin/m4.exe	Macro processing language
3	11200	t$	bin/mkdir.exz=bin/mkdir.exe	Creates a new directory
3	18256	t$	bin/nl.exz=bin/nl.exe	Numbers lines in a single file
3	22592	t$	bin/ol.exz=bin/od.exe	Formatted file dump
3	16448	t$	bin/pack.exz=bin/pack.exe	Compresses files using Huffman encoding
3	18720	t$	bin/passwd.exz=bin/passwd.exe	Changes user login password
3	11632	t$	bin/paste.exz=bin/paste.exe	Horizontally concatenates lines 
3	38288	t$	bin/patch.exz=bin/patch.exe	Updates files by applying a difference file
3	10384	t$	bin/patchchk.exz=bin/pathchk.exe	Checks pathnames
3	54748	t$	bin/pax.exz=bin/pax.exe	Archiver for data interchange and file backup
3	13136	t$	bin/pcat.exz=bin/pcat.exe	Prints Huffman packed files on standard output
3	30806	t$	bin/pg.exz=bin/pg.exe	Interactively views files on screen
3	22112	t$	bin/pr.exz=bin/pr.exe	Prints and formats files
3	19504	t$	bin/printf.exz=bin/printf.exe	Outputs arguments from the shell
3	20304	t$	bin/prof.exz=bin/prof.exe	Times execution of a file for profiling
3	8384	t$	bin/ps.exz=bin/ps.exe	Displays process and memory block statuses
3	8640	t$	bin/pwd.exz=bin/pwd.exe	Displays current working directory
3	9904	t$	bin/rev.exz=bin/rev.exe	Reverses character order of input lines
3	9680	t$	bin/rmdir.exz=bin/rmdir.exe	Removes directories
3	26640	t$	bin/sed.exz=bin/sed.exe	Non-interactive stream editor 
3	5552	t$	bin/sleep.exz=bin/sleep.exe	Suspends execution for a specified time
3	23552	t$	bin/sort.exz=bin/sort.exe	Sort/merge utility
3	12240	t$	bin/split.exz=bin/split.exe	Splits a file into manageable pieces
3	12736	t$	bin/strings.exz=bin/strings.exe	Displays printable strings in binary files
3	12736	t$	bin/sum.exz=bin/sum.exe	Computes checksum for file
3	928	t$	bin/sync.exz=bin/sync.exe	Updates the disk
3	14528	t$	bin/tail.exz=bin/tail.exe	Displays last lines of file
3	36508	t$	bin/tar.exz=bin/tar.exe	Tape archiver
3	10288	t$	bin/tee.exz=bin/tee.exe	Clones output stream
3	8480	t$	bin/test.exz=bin/test.exe	Tests for condition
3	13584	t$	bin/time.exz=bin/time.exe	Displays CPU and elapsed times for commands
3	13168	t$	bin/tr.exz=bin/tr.exe	Translation filter
3	11824	t$	bin/tsort.exz=bin/tsort.exe	Topological sort
3	8064	t$	bin/tty.exz=bin/tty.exe	Displays terminal name
3	9648	t$	bin/uname.exz=bin/uname.exe	Prints system name and information
3	17668	t	bin/uncompre.exe	Lempel-Ziv data decompressor 
3	17668	t	bin/uncompre.exe=bin/zcat.exe	Views a compressed file
3	10992	t$	bin/unexpand.exz=bin/unexpand.exe	Compresses space into tabs
3	12112	t$	bin/uniq.exz=bin/uniq.exe	Displays unique lines of sorted file
3	13952	t$	bin/unpack.exz=bin/unpack.exe	Decode Huffman packed files
3	10816	t$	bin/wc.exz=bin/wc.exe	Counts lines, words, and characters
3	9232	t$	bin/which.exz=bin/which.exe	Prints full pathname for executable command
3	18672	t$	bin/who.exz=bin/who.exe	Prints login account information
3	15760	t$	bin/xargs.exz=bin/xargs.exe	Constructs and executes command lines
3	519	ut*	etc/mailx.rc	Default setup for "mailx"
3	56470	ut$	bin/mailx.exz=bin/mailx.exe	Reads electronic mail
3	15120	ut$	bin/uudecode.exz=bin/uudecode.exe	Decodes transmitted binary file
3	10864	ut$	bin/uuencode.exz=bin/uuencode.exe	Encodes a file for safe transmission
3	11830	u*$	etc/modems.inz=etc/modems.inf	Setup strings for modems
3	169	u*$	etc/login.inz=etc/login.inf	Login scripts
3	366	u*	etc/rmail.rc	Configuration file for "rmail"
3	2144	u*	etc/uucheck.dat	Data file used by "uucheck"
3	4910	u$	bin/mksos.coz=bin/mksos.com	Multi-tasking kernel for MKS UUCP
3	30336	u$	bin/mksuucp.coz=bin/mksuucp.com	MKS UUCP TSR
3	39142	u$	bin/rmail.exz=bin/rmail.exe	Electronic mail delivery utility
4	28390	u$	bin/uucheck.exz=bin/uucheck.exe	Utility to check MKS UUCP system integrity
4	32404	u$	bin/uuclean.exz=bin/uuclean.exe	Utility to cleanup the MKS UUCP spool directory
4	19768	u$	bin/uucico.exz=bin/uucico.exe	Monitors and controls MKS UUCP TSR (mksuucp.com)
4	245168	u$	bin/uuconfig.exz=bin/uuconfig.exe	MKS UUCP Configuration program
4	15871	u$	bin/uuconfig.frz=bin/uuconfig.frl	Resource file used by uuconfig.exe
4	24814	u$	bin/uuconfig.hlz=bin/uuconfig.hlp	Help file used by uuconfig.exe
4	34338	u$	bin/uucp.exz=bin/uucp.exe	MKS UUCP transfer request utility
4	28024	u$	bin/uuname.exz=bin/uuname.exe	MKS UUCP connection inquiry utility
4	43214	u$	bin/uuxqt.exz=bin/uuxqt.exe	MKS UUCP remote execution server
4	37514	u$	bin/uustat.exz=bin/uustat.exe	Job status program
4	28708	u$	bin/uulog.exz=bin/uulog.exe	Log inquiry program
4	37862	u$	bin/uux.exz=bin/uux.exe	Remote execution request program
4	11648	st$	bin/lock.exz=bin/look.exe	Finds lines of sorted file which begin with string
4	999922	st!	etc/words.zs=etc/words	Dictionary of words used by "spell" and "look"
4	17024	s$	bin/spell.exz=bin/spell.exe	Detects spelling errors
4	262164	s	etc/hash	Hash file used by spell.exe
4	2191	g	guide/baseball	Vi guide
4	15984	g	guide/browse.v	Vi guide
4	1968	g	guide/comic.txt	Vi guide
4	19	g	guide/data	Vi guide
4	16725	g	guide/doc.v	Vi guide
4	26442	g	guide/edit.v	Vi guide
4	520	g	guide/hobbies	Vi guide
4	549	g	guide/numbers	Vi guide
4	18398	g	guide/program.v	Vi guide
4	18	g	guide/source	Vi guide
4	694	g	guide/vi1.txt	Vi guide
4	8520	e	examples/awk/diff3.awk	Awk example
4	1164	e	examples/awk/diff3.ksh	Awk example
4	1661	e	examples/bc/amort.bc	Bc example
4	648	e	examples/bc/factor.bc	Bc example
4	213	e	examples/m4/args.m4	M4 example
4	74	e	examples/m4/comment.m4	M4 example
4	122	e	examples/m4/factrl.m4	M4 example
4	435	e	examples/m4/fib.m4	M4 example
4	147	e	examples/m4/for.m4	M4 example
4	315	e	examples/m4/for_in.m4	M4 example
4	289	e	examples/m4/hanoi.m4	M4 example
4	402	e	examples/m4/import.m4	M4 example
4	1486	e	examples/m4/include.m4	M4 example
4	1356	e	examples/m4/iterize.m4	M4 example
4	364	e	examples/m4/prog.m4	M4 example
4	1244	e	examples/m4/shroud.m4	M4 example
4	57	e	examples/m4/uncommen.m4	M4 example
4	134	e	examples/m4/while.m4	M4 example
4	673	e	examples/sh/dossify.ksh	KornShell example
4	226	e	examples/sh/factor.ksh	KornShell example
4	426	e	examples/sh/mktemp.ksh	KornShell example
4	1356	e	examples/sh/pick.ksh	KornShell example
4	5298	e	examples/sh/pipe.doc	KornShell example
4	2444	e	examples/sh/pipe.ksh	KornShell example
4	632	e	examples/sh/rename.ksh	KornShell example
4	272	e	examples/sh/rot13.ksh	KornShell example
4	138	e	examples/sh/tac.ksh	KornShell example
4	2026	e	examples/vi/center.mac	Vi example : Center text on line macro
4	4800	e	examples/vi/exrc	Vi example : Super ex.rc file
4	1274	e	examples/vi/hanoi.mac	Vi example : Towers of Hanoi macros
4	33565	e	examples/vi/macro.tut	Macro tutorial
4	485	e	examples/vi/maze.eg	Sample maze
4	1061	e	examples/vi/maze.mac	Maze solving macros
4	19749	e	examples/vi/modula2.doc	Comments on modula2 macros & VI
4	1559	e	examples/vi/modula2.mac	Module2 programming macros
4	143	e	examples/vi/turing.eg	Sample Turing machine
4	1739	e	examples/vi/turing.mac	Turing Machine macros
4	29398	e	examples/vi/tutor.vi	VI Tutorial
4	435	e	examples/vi/word.mac	Word Completion macros
4	1086	e	examples/windows/email.ico	MS Windows example file
4	1086	e	examples/windows/email2.ico	MS Windows example file
4	1086	e	examples/windows/linker.ico	MS Windows example file
4	1086	e	examples/windows/mks.ico	MS Windows example file
4	1086	e	examples/windows/vi2.ico	MS Windows example file
